<?xml version="1.0" encoding="UTF-8"?>
<!-- Generated by org.testng.reporters.JUnitReportReporter -->
<testsuite hostname="Admins-MacBook-Pro-6.local" failures="0" tests="2" name="ArrayList.ArrayListMethodsUsuage" time="0.007" errors="0" timestamp="2021-09-16T16:22:47 IST" skipped="0">
  <testcase classname="ArrayList.ArrayListMethodsUsuage" name="addMethods" time="0.005"/>
  <system-out/>
  <testcase classname="ArrayList.ArrayListMethodsUsuage" name="arrayCapacity" time="0.002"/>
  <system-out/>
</testsuite> <!-- ArrayList.ArrayListMethodsUsuage -->
